[load] Loading data...
[load] Raw: 7,040,808 jobs
[clean] After: 6,766,216 jobs
       C: 1,546,127 jobs
       NONE: 215,706 jobs
       S: 5,004,383 jobs
[subset] Conte jobs: 1,546,127
[subset] NONE jobs:  215,706

[splits]
  Conte time split:   train=1,020,786 test=525,341 cutoff=201702
  Conte random split: train=1,020,786 test=525,341 (matched to time sizes)
  NONE time split:    train=166,055 cutoff=202305
  NONE constrained:   train=24,842 (ncores=1, nhosts=1)

[save] /home/jmckerra/Experiments/EXP-009_conte_anomaly_resolution/results/exp009_conte_anomaly_results.csv

==============================================================================
HYPOTHESIS READOUT (with timelimit)
==============================================================================
H2 (non-stationarity) supported if B >> A
  A (C→C time):   R2=0.1138
  B (C→C random): R2=0.4723
  B-A: +0.3586  (threshold=0.10)
  => H2_supported=True

H1 (under-specification) supported if C > D and C > A
  A (C→C time):      R2=0.1138
  C (NONE→C):        R2=0.1556
  D (NONE*→C match): R2=0.1859
  C-A: +0.0418
  C-D: -0.0303
  => H1_supported=False
EXP-009 complete
